12-19 01:14 parse        DEBUG    format u'I have pushed my card in the slot' -> u'I have pushed my card in the slot'
12-19 01:14 parse        DEBUG    format u'I enter my PIN {pin}' -> u'I enter my PIN (?P<pin>.+?)'
12-19 01:14 parse        DEBUG    format u'I press "OK"' -> u'I press "OK"'
12-19 01:14 parse        DEBUG    format u'I should see the main menu' -> u'I should see the main menu'
12-19 01:14 parse        DEBUG    format u'I have authenticate with correct pin {}' -> u'I have authenticate with correct pin (.+?)'
12-19 01:14 parse        DEBUG    format u'I fill the data users' -> u'I fill the data users'
12-19 01:14 parse        DEBUG    format u'I enter create user' -> u'I enter create user'
12-19 01:14 parse        DEBUG    format u'The user created' -> u'The user created'
12-19 01:14 parse        DEBUG    format u'we have behave installed' -> u'we have behave installed'
12-19 01:14 parse        DEBUG    format u'we implement a test' -> u'we implement a test'
12-19 01:14 parse        DEBUG    format u'behave will test it for us!' -> u'behave will test it for us\\!'
12-19 01:14 parse        DEBUG    format u'I create a new projet' -> u'I create a new projet'
12-19 01:14 parse        DEBUG    format u'I get the project created' -> u'I get the project created'
12-19 01:14 parse        DEBUG    format u'I edit the project' -> u'I edit the project'
12-19 01:14 parse        DEBUG    format u'Prject should be update' -> u'Prject should be update'
12-19 01:14 root         INFO     This is a test
12-19 01:19 parse        DEBUG    format u'I have pushed my card in the slot' -> u'I have pushed my card in the slot'
12-19 01:19 parse        DEBUG    format u'I enter my PIN {pin}' -> u'I enter my PIN (?P<pin>.+?)'
12-19 01:19 parse        DEBUG    format u'I press "OK"' -> u'I press "OK"'
12-19 01:19 parse        DEBUG    format u'I should see the main menu' -> u'I should see the main menu'
12-19 01:19 parse        DEBUG    format u'I have authenticate with correct pin {}' -> u'I have authenticate with correct pin (.+?)'
12-19 01:19 parse        DEBUG    format u'I fill the data users' -> u'I fill the data users'
12-19 01:19 parse        DEBUG    format u'I enter create user' -> u'I enter create user'
12-19 01:19 parse        DEBUG    format u'The user created' -> u'The user created'
12-19 01:19 parse        DEBUG    format u'we have behave installed' -> u'we have behave installed'
12-19 01:19 parse        DEBUG    format u'we implement a test' -> u'we implement a test'
12-19 01:19 parse        DEBUG    format u'behave will test it for us!' -> u'behave will test it for us\\!'
12-19 01:19 parse        DEBUG    format u'I create a new projet' -> u'I create a new projet'
12-19 01:19 parse        DEBUG    format u'I get the project created' -> u'I get the project created'
12-19 01:19 parse        DEBUG    format u'I edit the project' -> u'I edit the project'
12-19 01:19 parse        DEBUG    format u'Prject should be update' -> u'Prject should be update'
12-19 01:19 root         INFO     This is a test
12-19 01:22 parse        DEBUG    format u'I have pushed my card in the slot' -> u'I have pushed my card in the slot'
12-19 01:22 parse        DEBUG    format u'I enter my PIN {pin}' -> u'I enter my PIN (?P<pin>.+?)'
12-19 01:22 parse        DEBUG    format u'I press "OK"' -> u'I press "OK"'
12-19 01:22 parse        DEBUG    format u'I should see the main menu' -> u'I should see the main menu'
12-19 01:22 parse        DEBUG    format u'I have authenticate with correct pin {}' -> u'I have authenticate with correct pin (.+?)'
12-19 01:22 parse        DEBUG    format u'I fill the data users' -> u'I fill the data users'
12-19 01:22 parse        DEBUG    format u'I enter create user' -> u'I enter create user'
12-19 01:22 parse        DEBUG    format u'The user created' -> u'The user created'
12-19 01:22 parse        DEBUG    format u'we have behave installed' -> u'we have behave installed'
12-19 01:22 parse        DEBUG    format u'we implement a test' -> u'we implement a test'
12-19 01:22 parse        DEBUG    format u'behave will test it for us!' -> u'behave will test it for us\\!'
12-19 01:22 parse        DEBUG    format u'I create a new projet' -> u'I create a new projet'
12-19 01:22 parse        DEBUG    format u'I get the project created' -> u'I get the project created'
12-19 01:22 parse        DEBUG    format u'I edit the project' -> u'I edit the project'
12-19 01:22 parse        DEBUG    format u'Prject should be update' -> u'Prject should be update'
12-19 01:22 root         INFO     This is a test
12-19 01:40 parse        DEBUG    format u'I have pushed my card in the slot' -> u'I have pushed my card in the slot'
12-19 01:40 parse        DEBUG    format u'I enter my PIN {pin}' -> u'I enter my PIN (?P<pin>.+?)'
12-19 01:40 parse        DEBUG    format u'I press "OK"' -> u'I press "OK"'
12-19 01:40 parse        DEBUG    format u'I should see the main menu' -> u'I should see the main menu'
12-19 01:40 parse        DEBUG    format u'I have authenticate with correct pin {}' -> u'I have authenticate with correct pin (.+?)'
12-19 01:40 parse        DEBUG    format u'I fill the data users' -> u'I fill the data users'
12-19 01:40 parse        DEBUG    format u'I enter create user' -> u'I enter create user'
12-19 01:40 parse        DEBUG    format u'The user created' -> u'The user created'
12-19 01:40 parse        DEBUG    format u'we have behave installed' -> u'we have behave installed'
12-19 01:40 parse        DEBUG    format u'we implement a test' -> u'we implement a test'
12-19 01:40 parse        DEBUG    format u'behave will test it for us!' -> u'behave will test it for us\\!'
12-19 01:40 parse        DEBUG    format u'I create a new projet' -> u'I create a new projet'
12-19 01:40 parse        DEBUG    format u'I get the project created' -> u'I get the project created'
12-19 01:40 parse        DEBUG    format u'I edit the project' -> u'I edit the project'
12-19 01:40 parse        DEBUG    format u'Prject should be update' -> u'Prject should be update'
12-19 01:40 root         INFO     This is a test
12-19 01:42 parse        DEBUG    format u'I have pushed my card in the slot' -> u'I have pushed my card in the slot'
12-19 01:42 parse        DEBUG    format u'I enter my PIN {pin}' -> u'I enter my PIN (?P<pin>.+?)'
12-19 01:42 parse        DEBUG    format u'I press "OK"' -> u'I press "OK"'
12-19 01:42 parse        DEBUG    format u'I should see the main menu' -> u'I should see the main menu'
12-19 01:42 parse        DEBUG    format u'I have authenticate with correct pin {}' -> u'I have authenticate with correct pin (.+?)'
12-19 01:42 parse        DEBUG    format u'I fill the data users' -> u'I fill the data users'
12-19 01:42 parse        DEBUG    format u'I enter create user' -> u'I enter create user'
12-19 01:42 parse        DEBUG    format u'The user created' -> u'The user created'
12-19 01:42 parse        DEBUG    format u'we have behave installed' -> u'we have behave installed'
12-19 01:42 parse        DEBUG    format u'we implement a test' -> u'we implement a test'
12-19 01:42 parse        DEBUG    format u'behave will test it for us!' -> u'behave will test it for us\\!'
12-19 01:42 parse        DEBUG    format u'I create a new projet' -> u'I create a new projet'
12-19 01:42 parse        DEBUG    format u'I get the project created' -> u'I get the project created'
12-19 01:42 parse        DEBUG    format u'I edit the project' -> u'I edit the project'
12-19 01:42 parse        DEBUG    format u'Prject should be update' -> u'Prject should be update'
12-19 01:42 root         INFO     This is a test
12-19 08:43 parse        DEBUG    format u'I have pushed my card in the slot' -> u'I have pushed my card in the slot'
12-19 08:43 parse        DEBUG    format u'I enter my PIN {pin}' -> u'I enter my PIN (?P<pin>.+?)'
12-19 08:43 parse        DEBUG    format u'I press "OK"' -> u'I press "OK"'
12-19 08:43 parse        DEBUG    format u'I should see the main menu' -> u'I should see the main menu'
12-19 08:43 parse        DEBUG    format u'I have authenticate with correct pin {}' -> u'I have authenticate with correct pin (.+?)'
12-19 08:43 parse        DEBUG    format u'I fill the data users' -> u'I fill the data users'
12-19 08:43 parse        DEBUG    format u'I enter create user' -> u'I enter create user'
12-19 08:43 parse        DEBUG    format u'The user created' -> u'The user created'
12-19 08:46 parse        DEBUG    format u'I create a project' -> u'I create a project'
12-19 08:46 parse        DEBUG    format u'I verify project creation status is 200' -> u'I verify project creation status is 200'
12-19 08:46 parse        DEBUG    format u'I verify project schema' -> u'I verify project schema'
12-19 08:48 parse        DEBUG    format u'I create a project' -> u'I create a project'
12-19 08:48 parse        DEBUG    format u'I verify project creation status is 200' -> u'I verify project creation status is 200'
12-19 08:48 parse        DEBUG    format u'I verify project schema' -> u'I verify project schema'
12-19 08:50 parse        DEBUG    format u'I create a project' -> u'I create a project'
12-19 08:50 parse        DEBUG    format u'I verify project creation status is 200' -> u'I verify project creation status is 200'
12-19 08:50 parse        DEBUG    format u'I verify project schema' -> u'I verify project schema'
12-19 08:50 root         INFO     RequestHandler:: POST  https://www.pivotaltracker.com/services/v5//projects, {"name": "New Project"}, {'Accept-Encoding': 'gzip, deflate', 'Accept': '*/*', 'User-Agent': 'python-requests/2.21.0', 'Connection': 'keep-alive', 'X-TrackerToken': '51eef4a73710a556f27a3dc13866884b', 'Content-Type': 'application/json'}
12-19 08:50 root         INFO     RequestHandler:: POST RESPONSE:: 200, {u'version': 1, u'velocity_averaged_over': 3, u'updated_at': u'2018-12-19T12:50:04Z', u'iteration_length': 1, u'project_type': u'private', u'enable_tasks': True, u'id': 2233322, u'week_start_day': u'Monday', u'point_scale_is_custom': False, u'atom_enabled': False, u'public': False, u'account_id': 1014681, u'bugs_and_chores_are_estimatable': False, u'automatic_planning': True, u'start_time': u'2018-12-17T08:00:00Z', u'enable_following': True, u'initial_velocity': 10, u'number_of_done_iterations_to_show': 4, u'kind': u'project', u'name': u'New Project', u'enable_incoming_emails': True, u'current_iteration_number': 1, u'point_scale': u'0,1,2,3', u'time_zone': {u'olson_name': u'America/Los_Angeles', u'kind': u'time_zone', u'offset': u'-08:00'}, u'has_google_domain': False, u'created_at': u'2018-12-19T12:50:04Z'}
12-19 08:53 parse        DEBUG    format u'I create a project' -> u'I create a project'
12-19 08:53 parse        DEBUG    format u'I verify project creation status is {status_code}' -> u'I verify project creation status is (?P<status_code>.+?)'
12-19 08:53 parse        DEBUG    format u'I verify project schema' -> u'I verify project schema'
12-19 08:53 root         INFO     RequestHandler:: POST  https://www.pivotaltracker.com/services/v5//projects, {"name": "New Project1"}, {'Accept-Encoding': 'gzip, deflate', 'Accept': '*/*', 'User-Agent': 'python-requests/2.21.0', 'Connection': 'keep-alive', 'X-TrackerToken': '51eef4a73710a556f27a3dc13866884b', 'Content-Type': 'application/json'}
12-19 08:53 root         INFO     RequestHandler:: POST RESPONSE:: 200, {u'version': 1, u'velocity_averaged_over': 3, u'updated_at': u'2018-12-19T12:53:11Z', u'iteration_length': 1, u'project_type': u'private', u'enable_tasks': True, u'id': 2233324, u'week_start_day': u'Monday', u'point_scale_is_custom': False, u'atom_enabled': False, u'public': False, u'account_id': 1014681, u'bugs_and_chores_are_estimatable': False, u'automatic_planning': True, u'start_time': u'2018-12-17T08:00:00Z', u'enable_following': True, u'initial_velocity': 10, u'number_of_done_iterations_to_show': 4, u'kind': u'project', u'name': u'New Project1', u'enable_incoming_emails': True, u'current_iteration_number': 1, u'point_scale': u'0,1,2,3', u'time_zone': {u'olson_name': u'America/Los_Angeles', u'kind': u'time_zone', u'offset': u'-08:00'}, u'has_google_domain': False, u'created_at': u'2018-12-19T12:53:11Z'}
12-19 08:55 parse        DEBUG    format u'I create a project' -> u'I create a project'
12-19 08:55 parse        DEBUG    format u'I verify project creation status is {status_code}' -> u'I verify project creation status is (?P<status_code>.+?)'
12-19 08:55 parse        DEBUG    format u'I verify project schema' -> u'I verify project schema'
12-19 08:55 root         INFO     RequestHandler:: POST  https://www.pivotaltracker.com/services/v5//projects, {"name": "New Project1"}, {'Accept-Encoding': 'gzip, deflate', 'Accept': '*/*', 'User-Agent': 'python-requests/2.21.0', 'Connection': 'keep-alive', 'X-TrackerToken': '10a341fc461eedfd9162045590884d00', 'Content-Type': 'application/json'}
12-19 08:55 root         INFO     RequestHandler:: POST RESPONSE:: 400, {u'kind': u'error', u'code': u'invalid_parameter', u'general_problem': u'The COCOBONGO account has reached its limit of 2 projects.', u'error': u'One or more request parameters was missing or invalid.'}
12-19 08:57 parse        DEBUG    format u'I create a project' -> u'I create a project'
12-19 08:57 parse        DEBUG    format u'I verify project creation status is {status_code}' -> u'I verify project creation status is (?P<status_code>.+?)'
12-19 08:57 parse        DEBUG    format u'I verify project schema' -> u'I verify project schema'
12-19 08:57 root         INFO     RequestHandler:: POST  https://www.pivotaltracker.com/services/v5//projects, {"name": "New Project12"}, {'Accept-Encoding': 'gzip, deflate', 'Accept': '*/*', 'User-Agent': 'python-requests/2.21.0', 'Connection': 'keep-alive', 'X-TrackerToken': '10a341fc461eedfd9162045590884d00', 'Content-Type': 'application/json'}
12-19 08:57 root         INFO     RequestHandler:: POST RESPONSE:: 400, {u'kind': u'error', u'code': u'invalid_parameter', u'general_problem': u'The COCOBONGO account has reached its limit of 2 projects.', u'error': u'One or more request parameters was missing or invalid.'}
12-19 08:59 parse        DEBUG    format u'I create a project' -> u'I create a project'
12-19 08:59 parse        DEBUG    format u'I verify project creation status is {status_code}' -> u'I verify project creation status is (?P<status_code>.+?)'
12-19 08:59 parse        DEBUG    format u'I verify project schema' -> u'I verify project schema'
12-19 08:59 root         INFO     RequestHandler:: POST  https://www.pivotaltracker.com/services/v5//projects, {"name": "New Project12"}, {'Accept-Encoding': 'gzip, deflate', 'Accept': '*/*', 'User-Agent': 'python-requests/2.21.0', 'Connection': 'keep-alive', 'X-TrackerToken': '10a341fc461eedfd9162045590884d00', 'Content-Type': 'application/json'}
12-19 08:59 root         INFO     RequestHandler:: POST RESPONSE:: 200, {u'version': 1, u'velocity_averaged_over': 3, u'updated_at': u'2018-12-19T12:59:46Z', u'iteration_length': 1, u'project_type': u'private', u'enable_tasks': True, u'id': 2233325, u'week_start_day': u'Monday', u'point_scale_is_custom': False, u'atom_enabled': False, u'public': False, u'account_id': 987701, u'bugs_and_chores_are_estimatable': False, u'automatic_planning': True, u'start_time': u'2018-12-17T08:00:00Z', u'enable_following': True, u'initial_velocity': 10, u'number_of_done_iterations_to_show': 4, u'kind': u'project', u'name': u'New Project12', u'enable_incoming_emails': True, u'current_iteration_number': 1, u'point_scale': u'0,1,2,3', u'time_zone': {u'olson_name': u'America/Los_Angeles', u'kind': u'time_zone', u'offset': u'-08:00'}, u'has_google_domain': False, u'created_at': u'2018-12-19T12:59:46Z'}
12-19 09:06 parse        DEBUG    format u'I create a project' -> u'I create a project'
12-19 09:06 parse        DEBUG    format u'I verify project creation status is {status_code}' -> u'I verify project creation status is (?P<status_code>.+?)'
12-19 09:06 parse        DEBUG    format u'I verify project schema' -> u'I verify project schema'
12-19 09:06 root         INFO     RequestHandler:: POST  https://www.pivotaltracker.com/services/v5//projects, {"name": "New Project12"}, {'Accept-Encoding': 'gzip, deflate', 'Accept': '*/*', 'User-Agent': 'python-requests/2.21.0', 'Connection': 'keep-alive', 'X-TrackerToken': '10a341fc461eedfd9162045590884d00', 'Content-Type': 'application/json'}
12-19 09:06 root         INFO     RequestHandler:: POST RESPONSE:: 200, {u'version': 1, u'velocity_averaged_over': 3, u'updated_at': u'2018-12-19T13:06:41Z', u'iteration_length': 1, u'project_type': u'private', u'enable_tasks': True, u'id': 2233328, u'week_start_day': u'Monday', u'point_scale_is_custom': False, u'atom_enabled': False, u'public': False, u'account_id': 987701, u'bugs_and_chores_are_estimatable': False, u'automatic_planning': True, u'start_time': u'2018-12-17T08:00:00Z', u'enable_following': True, u'initial_velocity': 10, u'number_of_done_iterations_to_show': 4, u'kind': u'project', u'name': u'New Project12', u'enable_incoming_emails': True, u'current_iteration_number': 1, u'point_scale': u'0,1,2,3', u'time_zone': {u'olson_name': u'America/Los_Angeles', u'kind': u'time_zone', u'offset': u'-08:00'}, u'has_google_domain': False, u'created_at': u'2018-12-19T13:06:41Z'}
12-19 09:07 parse        DEBUG    format u'I create a project' -> u'I create a project'
12-19 09:07 parse        DEBUG    format u'I verify project creation status is {status_code}' -> u'I verify project creation status is (?P<status_code>.+?)'
12-19 09:07 parse        DEBUG    format u'I verify project schema' -> u'I verify project schema'
12-19 09:07 root         INFO     RequestHandler:: POST  https://www.pivotaltracker.com/services/v5//projects, {"name": "New Project1"}, {'Accept-Encoding': 'gzip, deflate', 'Accept': '*/*', 'User-Agent': 'python-requests/2.21.0', 'Connection': 'keep-alive', 'X-TrackerToken': '10a341fc461eedfd9162045590884d00', 'Content-Type': 'application/json'}
12-19 09:07 root         INFO     RequestHandler:: POST RESPONSE:: 200, {u'version': 1, u'velocity_averaged_over': 3, u'updated_at': u'2018-12-19T13:07:29Z', u'iteration_length': 1, u'project_type': u'private', u'enable_tasks': True, u'id': 2233329, u'week_start_day': u'Monday', u'point_scale_is_custom': False, u'atom_enabled': False, u'public': False, u'account_id': 987701, u'bugs_and_chores_are_estimatable': False, u'automatic_planning': True, u'start_time': u'2018-12-17T08:00:00Z', u'enable_following': True, u'initial_velocity': 10, u'number_of_done_iterations_to_show': 4, u'kind': u'project', u'name': u'New Project1', u'enable_incoming_emails': True, u'current_iteration_number': 1, u'point_scale': u'0,1,2,3', u'time_zone': {u'olson_name': u'America/Los_Angeles', u'kind': u'time_zone', u'offset': u'-08:00'}, u'has_google_domain': False, u'created_at': u'2018-12-19T13:07:29Z'}
01-11 08:59 parse        DEBUG    format u'I create a new epic' -> u'I create a new epic'
01-11 08:59 parse        DEBUG    format u'I update the epic' -> u'I update the epic'
01-11 08:59 parse        DEBUG    format u'I delete the epic' -> u'I delete the epic'
01-11 08:59 parse        DEBUG    format u'I verify epic updated status is {status_code}' -> u'I verify epic updated status is (?P<status_code>.+?)'
01-11 08:59 parse        DEBUG    format u'I verify epic created status is {status_code}' -> u'I verify epic created status is (?P<status_code>.+?)'
01-11 08:59 parse        DEBUG    format u'I verify epic deleted status is {status_code}' -> u'I verify epic deleted status is (?P<status_code>.+?)'
01-11 08:59 parse        DEBUG    format u'I verify epic schema' -> u'I verify epic schema'
01-11 09:04 parse        DEBUG    format u'I create a new epic' -> u'I create a new epic'
01-11 09:04 parse        DEBUG    format u'I update the epic' -> u'I update the epic'
01-11 09:04 parse        DEBUG    format u'I delete the epic' -> u'I delete the epic'
01-11 09:04 parse        DEBUG    format u'I verify epic updated status is {status_code}' -> u'I verify epic updated status is (?P<status_code>.+?)'
01-11 09:04 parse        DEBUG    format u'I verify epic created status is {status_code}' -> u'I verify epic created status is (?P<status_code>.+?)'
01-11 09:04 parse        DEBUG    format u'I verify epic deleted status is {status_code}' -> u'I verify epic deleted status is (?P<status_code>.+?)'
01-11 09:04 parse        DEBUG    format u'I verify epic schema' -> u'I verify epic schema'
01-11 09:04 parse        DEBUG    format u'I create a new epic' -> u'I create a new epic'
01-11 09:04 parse        DEBUG    format u'I update the epic' -> u'I update the epic'
01-11 09:04 parse        DEBUG    format u'I delete the epic' -> u'I delete the epic'
01-11 09:04 parse        DEBUG    format u'I verify epic updated status is {status_code}' -> u'I verify epic updated status is (?P<status_code>.+?)'
01-11 09:04 parse        DEBUG    format u'I verify epic created status is {status_code}' -> u'I verify epic created status is (?P<status_code>.+?)'
01-11 09:04 parse        DEBUG    format u'I verify epic deleted status is {status_code}' -> u'I verify epic deleted status is (?P<status_code>.+?)'
01-11 09:04 parse        DEBUG    format u'I verify epic schema' -> u'I verify epic schema'
01-11 09:04 parse        DEBUG    format u'I create a project' -> u'I create a project'
01-11 09:04 parse        DEBUG    format u'I verify project creation status is {status_code}' -> u'I verify project creation status is (?P<status_code>.+?)'
01-11 09:04 parse        DEBUG    format u'I verify project schema' -> u'I verify project schema'
01-11 09:04 parse        DEBUG    format u'I delete all projects' -> u'I delete all projects'
01-11 09:04 root         INFO     RequestHandler:: POST  https://www.pivotaltracker.com/services/v5/projects/2237354/epics/5/projects, {"name": "New Project1"}, {'Accept-Encoding': 'gzip, deflate', 'Accept': '*/*', 'User-Agent': 'python-requests/2.20.1', 'Connection': 'keep-alive', 'X-Requested-With': 'XMLHttpRequest', 'Cookie': 'split=%7B%22homepage%3A177%22%3A%22index.home-signup%22%2C%22homepage%3A177%3Afinished%22%3Atrue%7D; t_session=S1BZd2hlc2hHcUEwT3RQVTNIL1ZxYmF3NUN3TzJQeHhIdGNNWWU0VmlkYlE4R29SRWMrS05VMUhnUWI4Uk91emErWVlCOFdQeDJqTWlJM3l3LzdqbS9ISjA1ZkxWb2FLTTUzcFRPbjJ6V2xRZG1iV2svalNKVkZDYVZlTVVIdWlQNDFibFBPZ0gxdm0vZ0tEWW1qazRWRm13QXBJeUcrZmErNXAxV2RNZEM1N0IzeDl3NUpQelRkai95dnlyWTJVWmkzT0hRU1QwdThHMitzV0N1WmFqc3p2cFN5OU9LcDNqRUtIeU1yWTZRYXd6MzMzY2srSjdOaHNMVHpSbnRtRnBycjd1aUozb1J2bGxHZGt2TFp4c1ZHMEZ2MXdBNFo4eEVFZ1grdGg0MFF0bEd3aDMvZVNES24xRXU4QmI5UDh5L0UxWFZoT2dMb2p5anJWTC9kb05DY0FLS1VHV1QvVlVPTit1YjE5d0lDRUMzWWZPK3gwcmRuMVJ3V3NDczc1bHp1Nm5ib3YzNExva3hQZXRFTkdMNVdXVDNONDYyYjlKNFptQ3lDNklOZGRYcHlyR3JBSVpDUXBsVDRBaS9ZaGM4SWh5RnBWVUcvRFpXOEFxbHlHY1ZLM25qbEVDSHp6ZkxaeGp0VDdrTVRYRDB5bEVQTDJ3dFo1NEFZRFVnMWlPRUlweWJxcWpYQkUrLzdQYlpJNHg1YjZhTEVNS0ZPWU5vVlpRdlBSbndseTR4dS83TExRVmYwc3FNZVFhTklPZm8xYTNUNjFYdzNZODk1d0RvMHRxeUpqVVlBLzBvZW9MZVM5QWhKc1NPbzk2SFRINFlqVzlxMFZPT2VocmdMblZUZGx4Tkk2UExScU1UQlNWbVlHMXIrQ2dBdlRjdmFKbTRaVzJoR3N0SC9vK1UrUjJRVWR2SGNKcEFobTVXKzgtLVFTUWpYNmhpRlNjblVxRHhHSDNvNlE9PQ%3D%3D--44bc35464bf5c8edc5873c63cd324e6cec61fdb0; _ga=GA1.2.375899523.1547157416; _gid=GA1.2.1054849607.1547157416; __utma=131036942.375899523.1547157416.1547157428.1547157428.1; __utmb=131036942.13.10.1547157428; __utmc=131036942; __utmz=131036942.1547157428.1.1.utmcsr=google|utmccn=(organic)|utmcmd=organic|utmctr=(not%20provided); lastuser=magnethus1; __pt_utm_param_cookie=e30%3D%0A; notice_behavior=none; mp_3cb27825a661298846d00204ccf846af_mixpanel=%7B%22distinct_id%22%3A%203136788%2C%22%24device_id%22%3A%20%2216839e2a0e3ed-0dc4c667936486-4c312e7e-1aeaa0-16839e2a0e47b1%22%2C%22%24initial_referrer%22%3A%20%22https%3A%2F%2Fwww.pivotaltracker.com%2Fsignin%2Fshow_with_password%22%2C%22%24initial_referring_domain%22%3A%20%22www.pivotaltracker.com%22%2C%22__mps%22%3A%20%7B%7D%2C%22__mpso%22%3A%20%7B%7D%2C%22__mpus%22%3A%20%7B%7D%2C%22__mpa%22%3A%20%7B%7D%2C%22__mpu%22%3A%20%7B%7D%2C%22__mpr%22%3A%20%5B%5D%2C%22__mpap%22%3A%20%5B%5D%2C%22%24user_id%22%3A%203136788%2C%22git_sha%22%3A%20%226966cfce6b3c8f763aea7e91f6b8105b351e5bc5%22%2C%22app_version%22%3A%20%221.26.46%22%2C%22density_mode%22%3A%20%22normal%22%2C%22person_created_at%22%3A%20%222019-01-10%22%2C%22platform%22%3A%20%22web%22%2C%22view_mode%22%3A%20%22project%22%7D', 'Content-Type': 'application/json', 'X-CSRF-Token': 'WdJ6RUIYcdTlGfRqjWUx2o2Da9rWMifa4C5W4r/7ZhXN5x+bTx8rdse0GD9NoD48MDoZ8GWhmcguc7IoyCC8cg=='}
01-11 09:04 root         INFO     RequestHandler:: POST RESPONSE:: 404, {u'kind': u'error', u'code': u'route_not_found', u'error': u'The path you requested has no valid endpoint.'}
01-11 09:04 parse        DEBUG    format u'I create a new epic' -> u'I create a new epic'
01-11 09:04 parse        DEBUG    format u'I update the epic' -> u'I update the epic'
01-11 09:04 parse        DEBUG    format u'I delete the epic' -> u'I delete the epic'
01-11 09:04 parse        DEBUG    format u'I verify epic updated status is {status_code}' -> u'I verify epic updated status is (?P<status_code>.+?)'
01-11 09:04 parse        DEBUG    format u'I verify epic created status is {status_code}' -> u'I verify epic created status is (?P<status_code>.+?)'
01-11 09:04 parse        DEBUG    format u'I verify epic deleted status is {status_code}' -> u'I verify epic deleted status is (?P<status_code>.+?)'
01-11 09:04 parse        DEBUG    format u'I verify epic schema' -> u'I verify epic schema'
01-11 09:04 parse        DEBUG    format u'I create a project' -> u'I create a project'
01-11 09:04 parse        DEBUG    format u'I verify project creation status is {status_code}' -> u'I verify project creation status is (?P<status_code>.+?)'
01-11 09:04 parse        DEBUG    format u'I verify project schema' -> u'I verify project schema'
01-11 09:04 parse        DEBUG    format u'I delete all projects' -> u'I delete all projects'
01-11 09:04 root         INFO     RequestHandler:: POST  https://www.pivotaltracker.com/services/v5/projects/2237354/epics/5/projects, {"name": "New Project1"}, {'Accept-Encoding': 'gzip, deflate', 'Accept': '*/*', 'User-Agent': 'python-requests/2.20.1', 'Connection': 'keep-alive', 'X-Requested-With': 'XMLHttpRequest', 'Cookie': 'split=%7B%22homepage%3A177%22%3A%22index.home-signup%22%2C%22homepage%3A177%3Afinished%22%3Atrue%7D; t_session=S1BZd2hlc2hHcUEwT3RQVTNIL1ZxYmF3NUN3TzJQeHhIdGNNWWU0VmlkYlE4R29SRWMrS05VMUhnUWI4Uk91emErWVlCOFdQeDJqTWlJM3l3LzdqbS9ISjA1ZkxWb2FLTTUzcFRPbjJ6V2xRZG1iV2svalNKVkZDYVZlTVVIdWlQNDFibFBPZ0gxdm0vZ0tEWW1qazRWRm13QXBJeUcrZmErNXAxV2RNZEM1N0IzeDl3NUpQelRkai95dnlyWTJVWmkzT0hRU1QwdThHMitzV0N1WmFqc3p2cFN5OU9LcDNqRUtIeU1yWTZRYXd6MzMzY2srSjdOaHNMVHpSbnRtRnBycjd1aUozb1J2bGxHZGt2TFp4c1ZHMEZ2MXdBNFo4eEVFZ1grdGg0MFF0bEd3aDMvZVNES24xRXU4QmI5UDh5L0UxWFZoT2dMb2p5anJWTC9kb05DY0FLS1VHV1QvVlVPTit1YjE5d0lDRUMzWWZPK3gwcmRuMVJ3V3NDczc1bHp1Nm5ib3YzNExva3hQZXRFTkdMNVdXVDNONDYyYjlKNFptQ3lDNklOZGRYcHlyR3JBSVpDUXBsVDRBaS9ZaGM4SWh5RnBWVUcvRFpXOEFxbHlHY1ZLM25qbEVDSHp6ZkxaeGp0VDdrTVRYRDB5bEVQTDJ3dFo1NEFZRFVnMWlPRUlweWJxcWpYQkUrLzdQYlpJNHg1YjZhTEVNS0ZPWU5vVlpRdlBSbndseTR4dS83TExRVmYwc3FNZVFhTklPZm8xYTNUNjFYdzNZODk1d0RvMHRxeUpqVVlBLzBvZW9MZVM5QWhKc1NPbzk2SFRINFlqVzlxMFZPT2VocmdMblZUZGx4Tkk2UExScU1UQlNWbVlHMXIrQ2dBdlRjdmFKbTRaVzJoR3N0SC9vK1UrUjJRVWR2SGNKcEFobTVXKzgtLVFTUWpYNmhpRlNjblVxRHhHSDNvNlE9PQ%3D%3D--44bc35464bf5c8edc5873c63cd324e6cec61fdb0; _ga=GA1.2.375899523.1547157416; _gid=GA1.2.1054849607.1547157416; __utma=131036942.375899523.1547157416.1547157428.1547157428.1; __utmb=131036942.13.10.1547157428; __utmc=131036942; __utmz=131036942.1547157428.1.1.utmcsr=google|utmccn=(organic)|utmcmd=organic|utmctr=(not%20provided); lastuser=magnethus1; __pt_utm_param_cookie=e30%3D%0A; notice_behavior=none; mp_3cb27825a661298846d00204ccf846af_mixpanel=%7B%22distinct_id%22%3A%203136788%2C%22%24device_id%22%3A%20%2216839e2a0e3ed-0dc4c667936486-4c312e7e-1aeaa0-16839e2a0e47b1%22%2C%22%24initial_referrer%22%3A%20%22https%3A%2F%2Fwww.pivotaltracker.com%2Fsignin%2Fshow_with_password%22%2C%22%24initial_referring_domain%22%3A%20%22www.pivotaltracker.com%22%2C%22__mps%22%3A%20%7B%7D%2C%22__mpso%22%3A%20%7B%7D%2C%22__mpus%22%3A%20%7B%7D%2C%22__mpa%22%3A%20%7B%7D%2C%22__mpu%22%3A%20%7B%7D%2C%22__mpr%22%3A%20%5B%5D%2C%22__mpap%22%3A%20%5B%5D%2C%22%24user_id%22%3A%203136788%2C%22git_sha%22%3A%20%226966cfce6b3c8f763aea7e91f6b8105b351e5bc5%22%2C%22app_version%22%3A%20%221.26.46%22%2C%22density_mode%22%3A%20%22normal%22%2C%22person_created_at%22%3A%20%222019-01-10%22%2C%22platform%22%3A%20%22web%22%2C%22view_mode%22%3A%20%22project%22%7D', 'Content-Type': 'application/json', 'X-CSRF-Token': 'WdJ6RUIYcdTlGfRqjWUx2o2Da9rWMifa4C5W4r/7ZhXN5x+bTx8rdse0GD9NoD48MDoZ8GWhmcguc7IoyCC8cg=='}
01-11 09:04 root         INFO     RequestHandler:: POST RESPONSE:: 404, {u'kind': u'error', u'code': u'route_not_found', u'error': u'The path you requested has no valid endpoint.'}
01-11 09:08 parse        DEBUG    format u'I create a new epic' -> u'I create a new epic'
01-11 09:08 parse        DEBUG    format u'I update the epic' -> u'I update the epic'
01-11 09:08 parse        DEBUG    format u'I delete the epic' -> u'I delete the epic'
01-11 09:08 parse        DEBUG    format u'I verify epic updated status is {status_code}' -> u'I verify epic updated status is (?P<status_code>.+?)'
01-11 09:08 parse        DEBUG    format u'I verify epic created status is {status_code}' -> u'I verify epic created status is (?P<status_code>.+?)'
01-11 09:08 parse        DEBUG    format u'I verify epic deleted status is {status_code}' -> u'I verify epic deleted status is (?P<status_code>.+?)'
01-11 09:08 parse        DEBUG    format u'I verify epic schema' -> u'I verify epic schema'
01-11 09:08 parse        DEBUG    format u'I create a project' -> u'I create a project'
01-11 09:08 parse        DEBUG    format u'I verify project creation status is {status_code}' -> u'I verify project creation status is (?P<status_code>.+?)'
01-11 09:08 parse        DEBUG    format u'I verify project schema' -> u'I verify project schema'
01-11 09:08 parse        DEBUG    format u'I delete all projects' -> u'I delete all projects'
01-11 09:08 root         INFO     RequestHandler:: POST  https://www.pivotaltracker.com/services/v5/projects/2237354/epics/5/projects, {"name": "New Project1"}, {'Accept-Encoding': 'gzip, deflate', 'Accept': '*/*', 'User-Agent': 'python-requests/2.20.1', 'Connection': 'keep-alive', 'X-Requested-With': 'XMLHttpRequest', 'Cookie': 'split=%7B%22homepage%3A177%22%3A%22index.home-signup%22%2C%22homepage%3A177%3Afinished%22%3Atrue%7D; t_session=S1BZd2hlc2hHcUEwT3RQVTNIL1ZxYmF3NUN3TzJQeHhIdGNNWWU0VmlkYlE4R29SRWMrS05VMUhnUWI4Uk91emErWVlCOFdQeDJqTWlJM3l3LzdqbS9ISjA1ZkxWb2FLTTUzcFRPbjJ6V2xRZG1iV2svalNKVkZDYVZlTVVIdWlQNDFibFBPZ0gxdm0vZ0tEWW1qazRWRm13QXBJeUcrZmErNXAxV2RNZEM1N0IzeDl3NUpQelRkai95dnlyWTJVWmkzT0hRU1QwdThHMitzV0N1WmFqc3p2cFN5OU9LcDNqRUtIeU1yWTZRYXd6MzMzY2srSjdOaHNMVHpSbnRtRnBycjd1aUozb1J2bGxHZGt2TFp4c1ZHMEZ2MXdBNFo4eEVFZ1grdGg0MFF0bEd3aDMvZVNES24xRXU4QmI5UDh5L0UxWFZoT2dMb2p5anJWTC9kb05DY0FLS1VHV1QvVlVPTit1YjE5d0lDRUMzWWZPK3gwcmRuMVJ3V3NDczc1bHp1Nm5ib3YzNExva3hQZXRFTkdMNVdXVDNONDYyYjlKNFptQ3lDNklOZGRYcHlyR3JBSVpDUXBsVDRBaS9ZaGM4SWh5RnBWVUcvRFpXOEFxbHlHY1ZLM25qbEVDSHp6ZkxaeGp0VDdrTVRYRDB5bEVQTDJ3dFo1NEFZRFVnMWlPRUlweWJxcWpYQkUrLzdQYlpJNHg1YjZhTEVNS0ZPWU5vVlpRdlBSbndseTR4dS83TExRVmYwc3FNZVFhTklPZm8xYTNUNjFYdzNZODk1d0RvMHRxeUpqVVlBLzBvZW9MZVM5QWhKc1NPbzk2SFRINFlqVzlxMFZPT2VocmdMblZUZGx4Tkk2UExScU1UQlNWbVlHMXIrQ2dBdlRjdmFKbTRaVzJoR3N0SC9vK1UrUjJRVWR2SGNKcEFobTVXKzgtLVFTUWpYNmhpRlNjblVxRHhHSDNvNlE9PQ%3D%3D--44bc35464bf5c8edc5873c63cd324e6cec61fdb0; _ga=GA1.2.375899523.1547157416; _gid=GA1.2.1054849607.1547157416; __utma=131036942.375899523.1547157416.1547157428.1547157428.1; __utmb=131036942.13.10.1547157428; __utmc=131036942; __utmz=131036942.1547157428.1.1.utmcsr=google|utmccn=(organic)|utmcmd=organic|utmctr=(not%20provided); lastuser=magnethus1; __pt_utm_param_cookie=e30%3D%0A; notice_behavior=none; mp_3cb27825a661298846d00204ccf846af_mixpanel=%7B%22distinct_id%22%3A%203136788%2C%22%24device_id%22%3A%20%2216839e2a0e3ed-0dc4c667936486-4c312e7e-1aeaa0-16839e2a0e47b1%22%2C%22%24initial_referrer%22%3A%20%22https%3A%2F%2Fwww.pivotaltracker.com%2Fsignin%2Fshow_with_password%22%2C%22%24initial_referring_domain%22%3A%20%22www.pivotaltracker.com%22%2C%22__mps%22%3A%20%7B%7D%2C%22__mpso%22%3A%20%7B%7D%2C%22__mpus%22%3A%20%7B%7D%2C%22__mpa%22%3A%20%7B%7D%2C%22__mpu%22%3A%20%7B%7D%2C%22__mpr%22%3A%20%5B%5D%2C%22__mpap%22%3A%20%5B%5D%2C%22%24user_id%22%3A%203136788%2C%22git_sha%22%3A%20%226966cfce6b3c8f763aea7e91f6b8105b351e5bc5%22%2C%22app_version%22%3A%20%221.26.46%22%2C%22density_mode%22%3A%20%22normal%22%2C%22person_created_at%22%3A%20%222019-01-10%22%2C%22platform%22%3A%20%22web%22%2C%22view_mode%22%3A%20%22project%22%7D', 'Content-Type': 'application/json', 'X-CSRF-Token': 'WdJ6RUIYcdTlGfRqjWUx2o2Da9rWMifa4C5W4r/7ZhXN5x+bTx8rdse0GD9NoD48MDoZ8GWhmcguc7IoyCC8cg=='}
01-11 09:08 root         INFO     RequestHandler:: POST RESPONSE:: 404, {u'kind': u'error', u'code': u'route_not_found', u'error': u'The path you requested has no valid endpoint.'}
01-11 09:09 parse        DEBUG    format u'I create a new epic' -> u'I create a new epic'
01-11 09:09 parse        DEBUG    format u'I update the epic' -> u'I update the epic'
01-11 09:09 parse        DEBUG    format u'I delete the epic' -> u'I delete the epic'
01-11 09:09 parse        DEBUG    format u'I verify epic updated status is {status_code}' -> u'I verify epic updated status is (?P<status_code>.+?)'
01-11 09:09 parse        DEBUG    format u'I verify epic created status is {status_code}' -> u'I verify epic created status is (?P<status_code>.+?)'
01-11 09:09 parse        DEBUG    format u'I verify epic deleted status is {status_code}' -> u'I verify epic deleted status is (?P<status_code>.+?)'
01-11 09:09 parse        DEBUG    format u'I verify epic schema' -> u'I verify epic schema'
01-11 09:09 parse        DEBUG    format u'I create a project' -> u'I create a project'
01-11 09:09 parse        DEBUG    format u'I verify project creation status is {status_code}' -> u'I verify project creation status is (?P<status_code>.+?)'
01-11 09:09 parse        DEBUG    format u'I verify project schema' -> u'I verify project schema'
01-11 09:09 parse        DEBUG    format u'I delete all projects' -> u'I delete all projects'
